<?xml version="1.0" encoding="UTF-8"?>
<testsuite xmlns:xsi="http://www.w3.org/2001/XMLSchema-instance" xsi:noNamespaceSchemaLocation="https://maven.apache.org/surefire/maven-surefire-plugin/xsd/surefire-test-report.xsd" name="test.SilverOrderTest" time="0.002" tests="6" errors="0" skipped="0" failures="0">
  <properties>
[...]
</properties>
  <testcase name="shouldNotAllowNullOrderType" classname="test.SilverOrderTest" time="0"/>
  <testcase name="shouldNotAllowNullUserIdForOrder" classname="test.SilverOrderTest" time="0"/>
  <testcase name="shouldCreateOrder" classname="test.SilverOrderTest" time="0"/>
  <testcase name="shouldNotAllowNegativeOrderWeight" classname="test.SilverOrderTest" time="0"/>
  <testcase name="shouldNotAllowEmptyUserIdForOrder" classname="test.SilverOrderTest" time="0"/>
  <testcase name="shouldNotAllowNegativeOrderCashValue" classname="test.SilverOrderTest" time="0"/>
</testsuite>